<?xml version="1.0" encoding="UTF-8"?>
<!-- Generated by org.testng.reporters.JUnitReportReporter -->
<testsuite hostname="DESKTOP-5IEOQ9I" failures="0" tests="2" name="batchexecution.testClass3" time="0.009" errors="0" timestamp="2023-05-13T12:04:14 IST" skipped="0">
  <testcase classname="batchexecution.testClass3" name="test2" time="0.005"/>
  <system-out/>
  <testcase classname="batchexecution.testClass3" name="test1" time="0.004"/>
  <system-out/>
</testsuite> <!-- batchexecution.testClass3 -->
