<?xml version="1.0" encoding="UTF-8"?>
<!-- Generated by org.testng.reporters.JUnitReportReporter -->
<testsuite hostname="DESKTOP-5IEOQ9I" failures="0" tests="1" name="Testng.sampleTest" time="0.127" errors="0" timestamp="2023-05-12T11:53:11 IST" skipped="0">
  <testcase classname="Testng.sampleTest" name="demo" time="0.127"/>
  <system-out>
    <![CDATA[Hello World]]>
  </system-out>
</testsuite> <!-- Testng.sampleTest -->
