<?xml version="1.0" encoding="UTF-8"?>
<!-- Generated by org.testng.reporters.JUnitReportReporter -->
<testsuite hostname="DESKTOP-5IEOQ9I" failures="0" tests="1" name="Testng.TestClass1" time="0.125" errors="0" timestamp="2023-05-13T11:25:21 IST" skipped="0">
  <testcase classname="Testng.TestClass1" name="tc1" time="0.125"/>
  <system-out>
    <![CDATA[@Test]]>
  </system-out>
</testsuite> <!-- Testng.TestClass1 -->
