<?xml version="1.0" encoding="UTF-8"?>
<!-- Generated by org.testng.reporters.JUnitReportReporter -->
<testsuite hostname="DESKTOP-5IEOQ9I" failures="0" tests="6" name="Testng.innvocationcount" time="0.067" errors="0" timestamp="2023-05-11T12:20:25 IST" skipped="0">
  <testcase classname="Testng.innvocationcount" name="demo5" time="0.003"/>
  <system-out>
    <![CDATA[demo5]]>
  </system-out>
  <testcase classname="Testng.innvocationcount" name="demo3" time="0.003"/>
  <system-out>
    <![CDATA[demo3]]>
  </system-out>
  <testcase classname="Testng.innvocationcount" name="demo5" time="0.022"/>
  <system-out>
    <![CDATA[demo5]]>
  </system-out>
  <testcase classname="Testng.innvocationcount" name="demo3" time="0.005"/>
  <system-out>
    <![CDATA[demo3]]>
  </system-out>
  <testcase classname="Testng.innvocationcount" name="demo5" time="0.008"/>
  <system-out>
    <![CDATA[demo5]]>
  </system-out>
  <testcase classname="Testng.innvocationcount" name="demo1" time="0.026"/>
  <system-out>
    <![CDATA[demo1]]>
  </system-out>
</testsuite> <!-- Testng.innvocationcount -->
