<?xml version="1.0" encoding="UTF-8"?>
<!-- Generated by org.testng.reporters.JUnitReportReporter -->
<testsuite hostname="DESKTOP-5IEOQ9I" failures="0" tests="5" name="Testng.prioritytestcase" time="0.116" errors="0" timestamp="2023-05-11T12:00:14 IST" skipped="0">
  <testcase classname="Testng.prioritytestcase" name="demo2" time="0.049"/>
  <system-out>
    <![CDATA[demo2]]>
  </system-out>
  <testcase classname="Testng.prioritytestcase" name="demo5" time="0.004"/>
  <system-out>
    <![CDATA[demo5]]>
  </system-out>
  <testcase classname="Testng.prioritytestcase" name="demo1" time="0.021"/>
  <system-out>
    <![CDATA[demo1]]>
  </system-out>
  <testcase classname="Testng.prioritytestcase" name="demo3" time="0.035"/>
  <system-out>
    <![CDATA[demo3]]>
  </system-out>
  <testcase classname="Testng.prioritytestcase" name="demo4" time="0.007"/>
  <system-out>
    <![CDATA[demo4]]>
  </system-out>
</testsuite> <!-- Testng.prioritytestcase -->
